[ceph_deploy.conf][DEBUG ] found configuration file at: /root/.cephdeploy.conf
[ceph_deploy.cli][INFO  ] Invoked (1.5.5): /usr/bin/ceph-deploy purgedata storage0101
[ceph_deploy.install][DEBUG ] Purging data from cluster ceph hosts storage0101
[storage0101][DEBUG ] connected to host: storage0101 
[storage0101][DEBUG ] detect platform information from remote host
[storage0101][DEBUG ] detect machine type
[storage0101][DEBUG ] find the location of an executable
[ceph_deploy.install][ERROR ] ceph is still installed on: ['storage0101']
[ceph_deploy][ERROR ] RuntimeError: refusing to purge data while ceph is still installed

[ceph_deploy.conf][DEBUG ] found configuration file at: /root/.cephdeploy.conf
[ceph_deploy.cli][INFO  ] Invoked (1.5.5): /usr/bin/ceph-deploy purge storage0101
[ceph_deploy.install][INFO  ] note that some dependencies *will not* be removed because they can cause issues with qemu-kvm
[ceph_deploy.install][INFO  ] like: librbd1 and librados2
[ceph_deploy.install][DEBUG ] Purging from cluster ceph hosts storage0101
[ceph_deploy.install][DEBUG ] Detecting platform for host storage0101 ...
[storage0101][DEBUG ] connected to host: storage0101 
[storage0101][DEBUG ] detect platform information from remote host
[storage0101][DEBUG ] detect machine type
[ceph_deploy.install][INFO  ] Distro info: CentOS 6.4 Final
[storage0101][INFO  ] purging host ... storage0101
[storage0101][INFO  ] Running command: yum -y -q remove ceph ceph-release
[storage0101][INFO  ] Running command: yum clean all
[storage0101][DEBUG ] Loaded plugins: fastestmirror
[storage0101][DEBUG ] Cleaning repos: base epel extras updates
[storage0101][DEBUG ] Cleaning up Everything
[storage0101][DEBUG ] Cleaning up list of fastest mirrors
[ceph_deploy.conf][DEBUG ] found configuration file at: /root/.cephdeploy.conf
[ceph_deploy.cli][INFO  ] Invoked (1.5.5): /usr/bin/ceph-deploy purgedata storage0101
[ceph_deploy.install][DEBUG ] Purging data from cluster ceph hosts storage0101
[storage0101][DEBUG ] connected to host: storage0101 
[storage0101][DEBUG ] detect platform information from remote host
[storage0101][DEBUG ] detect machine type
[storage0101][DEBUG ] find the location of an executable
[storage0101][DEBUG ] connected to host: storage0101 
[storage0101][DEBUG ] detect platform information from remote host
[storage0101][DEBUG ] detect machine type
[ceph_deploy.install][INFO  ] Distro info: CentOS 6.4 Final
[storage0101][INFO  ] purging data on storage0101
[storage0101][INFO  ] Running command: rm -rf --one-file-system -- /var/lib/ceph
[storage0101][INFO  ] Running command: rm -rf --one-file-system -- /etc/ceph/
